[2026-01-07 23:22:26] INFO: \u2705 Loaded sites data: 8 site(s)
[2026-01-07 23:22:26] INFO: \u2705 YOLOv8 model loaded:   models/pallet_best.pt
[2026-01-07 23:22:26] INFO: \U0001f4cb Model classes: {0: 'pallet'}
[2026-01-07 23:22:26] INFO: \u2705 LINE token configured: bPnF3x6JmcXeS3RPdE2/...
[2026-01-07 23:22:26] INFO: \u2705 LINE group ID configured: C4f1e1001f...
[2026-01-07 23:22:26] INFO: \u2705 Detection service initialized
[2026-01-07 23:22:26] INFO: \U0001f680 Starting Pallet Detection Service...
[2026-01-07 23:22:26] INFO: \U0001f504 Starting detection cycle...
[2026-01-07 23:22:28] INFO: \U0001f4f8 Captured:  C:\laragon\www\pallet_detector\upload_image\2026-01-07\IMG_20260107_232228.jpg
[2026-01-07 23:22:30] INFO: Detected 0 object(s) in IMG_20260107_232228.jpg
[2026-01-07 23:22:30] INFO: Image dimensions: 640x480
[2026-01-07 23:22:30] INFO: Saved image record #71:  IMG_20260107_232228.jpg
[2026-01-07 23:22:30] INFO: Saved annotated image:   C:\laragon\www\pallet_detector\upload_image\2026-01-07\IMG_20260107_232228_detected.jpg
[2026-01-07 23:22:30] INFO: Deactivated 1 pallet(s) (moved)
[2026-01-07 23:22:30] INFO: \U0001f50d Overtime check complete: 0 alert(s) pending
[2026-01-07 23:22:30] INFO: \U0001f4e2 Handling alerts: 0 overtime pallet(s)
[2026-01-07 23:22:30] INFO: \u2705 No overtime pallets - turning on green light
[2026-01-07 23:22:30] INFO: \u2705 Cycle completed:  0 pallet(s) detected
[2026-01-07 23:22:30] INFO: \U0001f4a4 Sleeping for 10 seconds...
[2026-01-07 23:22:40] INFO: \U0001f504 Starting detection cycle...
[2026-01-07 23:22:42] INFO: \U0001f4f8 Captured:  C:\laragon\www\pallet_detector\upload_image\2026-01-07\IMG_20260107_232242.jpg
[2026-01-07 23:22:43] INFO: Detected 1 object(s) in IMG_20260107_232242.jpg
[2026-01-07 23:22:43] INFO: Image dimensions: 640x480
[2026-01-07 23:22:43] INFO: Saved image record #72:  IMG_20260107_232242.jpg
[2026-01-07 23:22:43] INFO: \u274c No match found for position [222.11941528320312, 190.231689453125] (threshold: \xb196.0px, \xb172.0px)
[2026-01-07 23:22:43] INFO: Saved annotated image:   C:\laragon\www\pallet_detector\upload_image\2026-01-07\IMG_20260107_232242_detected.jpg
[2026-01-07 23:22:43] INFO: Created new pallet #11 (PL-0011)
[2026-01-07 23:22:43] INFO: \u2705 Created pallet: #11 (PL-0011)
[2026-01-07 23:22:43] INFO: \U0001f50d Overtime check complete: 0 alert(s) pending
[2026-01-07 23:22:43] INFO: \U0001f4e2 Handling alerts: 0 overtime pallet(s)
[2026-01-07 23:22:43] INFO: \u2705 No overtime pallets - turning on green light
[2026-01-07 23:22:43] INFO: \u2705 Cycle completed:  1 pallet(s) detected
[2026-01-07 23:22:43] INFO: \U0001f4a4 Sleeping for 10 seconds...
[2026-01-07 23:22:53] INFO: \U0001f504 Starting detection cycle...
[2026-01-07 23:22:55] INFO: \U0001f4f8 Captured:  C:\laragon\www\pallet_detector\upload_image\2026-01-07\IMG_20260107_232255.jpg
[2026-01-07 23:22:56] INFO: Detected 1 object(s) in IMG_20260107_232255.jpg
[2026-01-07 23:22:56] INFO: Image dimensions: 640x480
[2026-01-07 23:22:56] INFO: Saved image record #73:  IMG_20260107_232255.jpg
[2026-01-07 23:22:56] INFO: \u2705 Matched: New pos [222.38177490234375, 190.72825622558594] \u2192 Pallet #11 (distance: 0.6px)
[2026-01-07 23:22:56] INFO: Updated pallet #11 (duration: 0.2 min)
[2026-01-07 23:22:56] INFO: Saved annotated image:   C:\laragon\www\pallet_detector\upload_image\2026-01-07\IMG_20260107_232255_detected.jpg
[2026-01-07 23:22:56] INFO: \U0001f50d Overtime check complete: 0 alert(s) pending
[2026-01-07 23:22:56] INFO: \U0001f4e2 Handling alerts: 0 overtime pallet(s)
[2026-01-07 23:22:56] INFO: \u2705 No overtime pallets - turning on green light
[2026-01-07 23:22:56] INFO: \u2705 Cycle completed:  1 pallet(s) detected
[2026-01-07 23:22:56] INFO: \U0001f4a4 Sleeping for 10 seconds...
[2026-01-07 23:23:06] INFO: \U0001f504 Starting detection cycle...
[2026-01-07 23:23:08] INFO: \U0001f4f8 Captured:  C:\laragon\www\pallet_detector\upload_image\2026-01-07\IMG_20260107_232308.jpg
[2026-01-07 23:23:08] INFO: Detected 1 object(s) in IMG_20260107_232308.jpg
[2026-01-07 23:23:08] INFO: Image dimensions: 640x480
[2026-01-07 23:23:08] INFO: Saved image record #74:  IMG_20260107_232308.jpg
[2026-01-07 23:23:08] INFO: \u2705 Matched: New pos [222.40740966796875, 189.66995239257812] \u2192 Pallet #11 (distance: 0.6px)
[2026-01-07 23:23:08] INFO: Updated pallet #11 (duration: 0.4 min)
[2026-01-07 23:23:08] INFO: Saved annotated image:   C:\laragon\www\pallet_detector\upload_image\2026-01-07\IMG_20260107_232308_detected.jpg
[2026-01-07 23:23:08] INFO: \U0001f50d Overtime check complete: 0 alert(s) pending
[2026-01-07 23:23:08] INFO: \U0001f4e2 Handling alerts: 0 overtime pallet(s)
[2026-01-07 23:23:08] INFO: \u2705 No overtime pallets - turning on green light
[2026-01-07 23:23:08] INFO: \u2705 Cycle completed:  1 pallet(s) detected
[2026-01-07 23:23:08] INFO: \U0001f4a4 Sleeping for 10 seconds...
[2026-01-07 23:23:19] INFO: \U0001f504 Starting detection cycle...
[2026-01-07 23:23:21] INFO: \U0001f4f8 Captured:  C:\laragon\www\pallet_detector\upload_image\2026-01-07\IMG_20260107_232321.jpg
[2026-01-07 23:23:21] INFO: Detected 1 object(s) in IMG_20260107_232321.jpg
[2026-01-07 23:23:21] INFO: Image dimensions: 640x480
[2026-01-07 23:23:21] INFO: Saved image record #75:  IMG_20260107_232321.jpg
[2026-01-07 23:23:21] INFO: \u2705 Matched: New pos [222.4639892578125, 190.97373962402344] \u2192 Pallet #11 (distance: 0.8px)
[2026-01-07 23:23:21] INFO: Updated pallet #11 (duration: 0.6 min)
[2026-01-07 23:23:21] INFO: Saved annotated image:   C:\laragon\www\pallet_detector\upload_image\2026-01-07\IMG_20260107_232321_detected.jpg
[2026-01-07 23:23:21] INFO: \U0001f50d Overtime check complete: 0 alert(s) pending
[2026-01-07 23:23:21] INFO: \U0001f4e2 Handling alerts: 0 overtime pallet(s)
[2026-01-07 23:23:21] INFO: \u2705 No overtime pallets - turning on green light
[2026-01-07 23:23:21] INFO: \u2705 Cycle completed:  1 pallet(s) detected
[2026-01-07 23:23:21] INFO: \U0001f4a4 Sleeping for 10 seconds...
[2026-01-07 23:23:32] INFO: \U0001f504 Starting detection cycle...
[2026-01-07 23:23:34] INFO: \U0001f4f8 Captured:  C:\laragon\www\pallet_detector\upload_image\2026-01-07\IMG_20260107_232334.jpg
[2026-01-07 23:23:34] INFO: Detected 1 object(s) in IMG_20260107_232334.jpg
[2026-01-07 23:23:34] INFO: Image dimensions: 640x480
[2026-01-07 23:23:34] INFO: Saved image record #76:  IMG_20260107_232334.jpg
[2026-01-07 23:23:34] INFO: \u2705 Matched: New pos [222.33245849609375, 193.69891357421875] \u2192 Pallet #11 (distance: 3.5px)
[2026-01-07 23:23:34] INFO: Updated pallet #11 (duration: 0.9 min)
[2026-01-07 23:23:34] INFO: Saved annotated image:   C:\laragon\www\pallet_detector\upload_image\2026-01-07\IMG_20260107_232334_detected.jpg
[2026-01-07 23:23:34] INFO: \U0001f50d Overtime check complete: 0 alert(s) pending
[2026-01-07 23:23:34] INFO: \U0001f4e2 Handling alerts: 0 overtime pallet(s)
[2026-01-07 23:23:34] INFO: \u2705 No overtime pallets - turning on green light
[2026-01-07 23:23:34] INFO: \u2705 Cycle completed:  1 pallet(s) detected
[2026-01-07 23:23:34] INFO: \U0001f4a4 Sleeping for 10 seconds...
[2026-01-07 23:23:44] INFO: \U0001f504 Starting detection cycle...
[2026-01-07 23:23:47] INFO: \U0001f4f8 Captured:  C:\laragon\www\pallet_detector\upload_image\2026-01-07\IMG_20260107_232347.jpg
[2026-01-07 23:23:47] INFO: Detected 0 object(s) in IMG_20260107_232347.jpg
[2026-01-07 23:23:47] INFO: Image dimensions: 640x480
[2026-01-07 23:23:47] INFO: Saved image record #77:  IMG_20260107_232347.jpg
[2026-01-07 23:23:47] INFO: Saved annotated image:   C:\laragon\www\pallet_detector\upload_image\2026-01-07\IMG_20260107_232347_detected.jpg
[2026-01-07 23:23:47] INFO: Deactivated 1 pallet(s) (moved)
[2026-01-07 23:23:47] INFO: \U0001f50d Overtime check complete: 0 alert(s) pending
[2026-01-07 23:23:47] INFO: \U0001f4e2 Handling alerts: 0 overtime pallet(s)
[2026-01-07 23:23:47] INFO: \u2705 No overtime pallets - turning on green light
[2026-01-07 23:23:47] INFO: \u2705 Cycle completed:  0 pallet(s) detected
[2026-01-07 23:23:47] INFO: \U0001f4a4 Sleeping for 10 seconds...
[2026-01-07 23:23:57] INFO: \U0001f504 Starting detection cycle...
[2026-01-07 23:24:00] INFO: \U0001f4f8 Captured:  C:\laragon\www\pallet_detector\upload_image\2026-01-07\IMG_20260107_232400.jpg
[2026-01-07 23:24:00] INFO: Detected 0 object(s) in IMG_20260107_232400.jpg
[2026-01-07 23:24:00] INFO: Image dimensions: 640x480
[2026-01-07 23:24:00] INFO: Saved image record #78:  IMG_20260107_232400.jpg
[2026-01-07 23:24:00] INFO: Saved annotated image:   C:\laragon\www\pallet_detector\upload_image\2026-01-07\IMG_20260107_232400_detected.jpg
[2026-01-07 23:24:00] INFO: \U0001f50d Overtime check complete: 0 alert(s) pending
[2026-01-07 23:24:00] INFO: \U0001f4e2 Handling alerts: 0 overtime pallet(s)
[2026-01-07 23:24:00] INFO: \u2705 No overtime pallets - turning on green light
[2026-01-07 23:24:00] INFO: \u2705 Cycle completed:  0 pallet(s) detected
[2026-01-07 23:24:00] INFO: \U0001f4a4 Sleeping for 10 seconds...
[2026-01-07 23:24:10] INFO: \U0001f504 Starting detection cycle...
[2026-01-07 23:24:12] INFO: \U0001f4f8 Captured:  C:\laragon\www\pallet_detector\upload_image\2026-01-07\IMG_20260107_232412.jpg
[2026-01-07 23:24:13] INFO: Detected 1 object(s) in IMG_20260107_232412.jpg
[2026-01-07 23:24:13] INFO: Image dimensions: 640x480
[2026-01-07 23:24:13] INFO: Saved image record #79:  IMG_20260107_232412.jpg
[2026-01-07 23:24:13] INFO: \u274c No match found for position [220.04901123046875, 194.22544860839844] (threshold: \xb196.0px, \xb172.0px)
[2026-01-07 23:24:13] INFO: Saved annotated image:   C:\laragon\www\pallet_detector\upload_image\2026-01-07\IMG_20260107_232412_detected.jpg
[2026-01-07 23:24:13] INFO: \U0001f50d Found recently deactivated pallet: #11 (PL-0011) - duration: 0.0 min
[2026-01-07 23:24:13] WARNING: \u26a0\ufe0f New pallet at same position as recently deactivated #11 (PL-0011)
[2026-01-07 23:24:13] WARNING:    Previous duration: 0.0 min
[2026-01-07 23:24:13] INFO: Created new pallet #12 (PL-0012)
[2026-01-07 23:24:13] INFO: \u2705 Created pallet: #12 (PL-0012)
[2026-01-07 23:24:13] INFO: \U0001f50d Overtime check complete: 0 alert(s) pending
[2026-01-07 23:24:13] INFO: \U0001f4e2 Handling alerts: 0 overtime pallet(s)
[2026-01-07 23:24:13] INFO: \u2705 No overtime pallets - turning on green light
[2026-01-07 23:24:13] INFO: \u2705 Cycle completed:  1 pallet(s) detected
[2026-01-07 23:24:13] INFO: \U0001f4a4 Sleeping for 10 seconds...
[2026-01-07 23:24:23] INFO: \U0001f504 Starting detection cycle...
[2026-01-07 23:24:25] INFO: \U0001f4f8 Captured:  C:\laragon\www\pallet_detector\upload_image\2026-01-07\IMG_20260107_232425.jpg
[2026-01-07 23:24:26] INFO: Detected 0 object(s) in IMG_20260107_232425.jpg
[2026-01-07 23:24:26] INFO: Image dimensions: 640x480
[2026-01-07 23:24:26] INFO: Saved image record #80:  IMG_20260107_232425.jpg
[2026-01-07 23:24:26] INFO: Saved annotated image:   C:\laragon\www\pallet_detector\upload_image\2026-01-07\IMG_20260107_232425_detected.jpg
[2026-01-07 23:24:26] INFO: Deactivated 1 pallet(s) (moved)
[2026-01-07 23:24:26] INFO: \U0001f50d Overtime check complete: 0 alert(s) pending
[2026-01-07 23:24:26] INFO: \U0001f4e2 Handling alerts: 0 overtime pallet(s)
[2026-01-07 23:24:26] INFO: \u2705 No overtime pallets - turning on green light
[2026-01-07 23:24:26] INFO: \u2705 Cycle completed:  0 pallet(s) detected
[2026-01-07 23:24:26] INFO: \U0001f4a4 Sleeping for 10 seconds...
[2026-01-07 23:24:36] INFO: \U0001f504 Starting detection cycle...
[2026-01-07 23:24:38] INFO: \U0001f4f8 Captured:  C:\laragon\www\pallet_detector\upload_image\2026-01-07\IMG_20260107_232438.jpg
[2026-01-07 23:24:39] INFO: Detected 0 object(s) in IMG_20260107_232438.jpg
[2026-01-07 23:24:39] INFO: Image dimensions: 640x480
[2026-01-07 23:24:39] INFO: Saved image record #81:  IMG_20260107_232438.jpg
[2026-01-07 23:24:39] INFO: Saved annotated image:   C:\laragon\www\pallet_detector\upload_image\2026-01-07\IMG_20260107_232438_detected.jpg
[2026-01-07 23:24:39] INFO: \U0001f50d Overtime check complete: 0 alert(s) pending
[2026-01-07 23:24:39] INFO: \U0001f4e2 Handling alerts: 0 overtime pallet(s)
[2026-01-07 23:24:39] INFO: \u2705 No overtime pallets - turning on green light
[2026-01-07 23:24:39] INFO: \u2705 Cycle completed:  0 pallet(s) detected
[2026-01-07 23:24:39] INFO: \U0001f4a4 Sleeping for 10 seconds...
[2026-01-07 23:24:49] INFO: \U0001f504 Starting detection cycle...
[2026-01-07 23:24:51] INFO: \U0001f4f8 Captured:  C:\laragon\www\pallet_detector\upload_image\2026-01-07\IMG_20260107_232451.jpg
[2026-01-07 23:24:52] INFO: Detected 1 object(s) in IMG_20260107_232451.jpg
[2026-01-07 23:24:52] INFO: Image dimensions: 640x480
[2026-01-07 23:24:52] INFO: Saved image record #82:  IMG_20260107_232451.jpg
[2026-01-07 23:24:52] INFO: \u274c No match found for position [220.75299072265625, 193.4671173095703] (threshold: \xb196.0px, \xb172.0px)
[2026-01-07 23:24:52] INFO: Saved annotated image:   C:\laragon\www\pallet_detector\upload_image\2026-01-07\IMG_20260107_232451_detected.jpg
[2026-01-07 23:24:52] INFO: \U0001f50d Found recently deactivated pallet: #12 (PL-0012) - duration: 0.0 min
[2026-01-07 23:24:52] WARNING: \u26a0\ufe0f New pallet at same position as recently deactivated #12 (PL-0012)
[2026-01-07 23:24:52] WARNING:    Previous duration: 0.0 min
[2026-01-07 23:24:52] INFO: Created new pallet #13 (PL-0013)
[2026-01-07 23:24:52] INFO: \u2705 Created pallet: #13 (PL-0013)
[2026-01-07 23:24:52] INFO: \U0001f50d Overtime check complete: 0 alert(s) pending
[2026-01-07 23:24:52] INFO: \U0001f4e2 Handling alerts: 0 overtime pallet(s)
[2026-01-07 23:24:52] INFO: \u2705 No overtime pallets - turning on green light
[2026-01-07 23:24:52] INFO: \u2705 Cycle completed:  1 pallet(s) detected
[2026-01-07 23:24:52] INFO: \U0001f4a4 Sleeping for 10 seconds...
[2026-01-07 23:25:02] INFO: \U0001f504 Starting detection cycle...
[2026-01-07 23:25:04] INFO: \U0001f4f8 Captured:  C:\laragon\www\pallet_detector\upload_image\2026-01-07\IMG_20260107_232504.jpg
[2026-01-07 23:25:05] INFO: Detected 1 object(s) in IMG_20260107_232504.jpg
[2026-01-07 23:25:05] INFO: Image dimensions: 640x480
[2026-01-07 23:25:05] INFO: Saved image record #83:  IMG_20260107_232504.jpg
✅ Config loaded successfully
⚠️ Not running on Raspberry Pi - GPIO disabled
✅ Config loaded successfully
Error logging to database:  (1146, "Table 'db_pallet_detector.tb_system_logs' doesn't exist")
✅ Config loaded successfully
Error logging to database:  (1146, "Table 'db_pallet_detector.tb_system_logs' doesn't exist")
Error logging to database:  (1146, "Table 'db_pallet_detector.tb_system_logs' doesn't exist")
✅ Config loaded successfully
✅ Config loaded successfully
✅ Config loaded successfully
Error logging to database:  (1146, "Table 'db_pallet_detector.tb_system_logs' doesn't exist")
Error logging to database:  (1146, "Table 'db_pallet_detector.tb_system_logs' doesn't exist")
Error logging to database:  (1146, "Table 'db_pallet_detector.tb_system_logs' doesn't exist")
Error logging to database:  (1146, "Table 'db_pallet_detector.tb_system_logs' doesn't exist")
Error logging to database:  (1146, "Table 'db_pallet_detector.tb_system_logs' doesn't exist")
Error logging to database:  (1146, "Table 'db_pallet_detector.tb_system_logs' doesn't exist")
Error logging to database:  (1146, "Table 'db_pallet_detector.tb_system_logs' doesn't exist")
Error logging to database:  (1146, "Table 'db_pallet_detector.tb_system_logs' doesn't exist")
Error logging to database:  (1146, "Table 'db_pallet_detector.tb_system_logs' doesn't exist")
Error logging to database:  (1146, "Table 'db_pallet_detector.tb_system_logs' doesn't exist")
Error logging to database:  (1146, "Table 'db_pallet_detector.tb_system_logs' doesn't exist")
Error logging to database:  (1146, "Table 'db_pallet_detector.tb_system_logs' doesn't exist")
Error logging to database:  (1146, "Table 'db_pallet_detector.tb_system_logs' doesn't exist")
Error logging to database:  (1146, "Table 'db_pallet_detector.tb_system_logs' doesn't exist")
Error logging to database:  (1146, "Table 'db_pallet_detector.tb_system_logs' doesn't exist")
Error logging to database:  (1146, "Table 'db_pallet_detector.tb_system_logs' doesn't exist")
Error logging to database:  (1146, "Table 'db_pallet_detector.tb_system_logs' doesn't exist")
Error logging to database:  (1146, "Table 'db_pallet_detector.tb_system_logs' doesn't exist")
Error logging to database:  (1146, "Table 'db_pallet_detector.tb_system_logs' doesn't exist")
Error logging to database:  (1146, "Table 'db_pallet_detector.tb_system_logs' doesn't exist")
Error logging to database:  (1146, "Table 'db_pallet_detector.tb_system_logs' doesn't exist")
Error logging to database:  (1146, "Table 'db_pallet_detector.tb_system_logs' doesn't exist")
Error logging to database:  (1146, "Table 'db_pallet_detector.tb_system_logs' doesn't exist")
Error logging to database:  (1146, "Table 'db_pallet_detector.tb_system_logs' doesn't exist")
Error logging to database:  (1146, "Table 'db_pallet_detector.tb_system_logs' doesn't exist")
Error logging to database:  (1146, "Table 'db_pallet_detector.tb_system_logs' doesn't exist")
Error logging to database:  (1146, "Table 'db_pallet_detector.tb_system_logs' doesn't exist")
Error logging to database:  (1146, "Table 'db_pallet_detector.tb_system_logs' doesn't exist")
Error logging to database:  (1146, "Table 'db_pallet_detector.tb_system_logs' doesn't exist")
Error logging to database:  (1146, "Table 'db_pallet_detector.tb_system_logs' doesn't exist")
Error logging to database:  (1146, "Table 'db_pallet_detector.tb_system_logs' doesn't exist")
Error logging to database:  (1146, "Table 'db_pallet_detector.tb_system_logs' doesn't exist")
Error logging to database:  (1146, "Table 'db_pallet_detector.tb_system_logs' doesn't exist")
Error logging to database:  (1146, "Table 'db_pallet_detector.tb_system_logs' doesn't exist")
Error logging to database:  (1146, "Table 'db_pallet_detector.tb_system_logs' doesn't exist")
Error logging to database:  (1146, "Table 'db_pallet_detector.tb_system_logs' doesn't exist")
Error logging to database:  (1146, "Table 'db_pallet_detector.tb_system_logs' doesn't exist")
Error logging to database:  (1146, "Table 'db_pallet_detector.tb_system_logs' doesn't exist")
Error logging to database:  (1146, "Table 'db_pallet_detector.tb_system_logs' doesn't exist")
Error logging to database:  (1146, "Table 'db_pallet_detector.tb_system_logs' doesn't exist")
Error logging to database:  (1146, "Table 'db_pallet_detector.tb_system_logs' doesn't exist")
Error logging to database:  (1146, "Table 'db_pallet_detector.tb_system_logs' doesn't exist")
Error logging to database:  (1146, "Table 'db_pallet_detector.tb_system_logs' doesn't exist")
Error logging to database:  (1146, "Table 'db_pallet_detector.tb_system_logs' doesn't exist")
Error logging to database:  (1146, "Table 'db_pallet_detector.tb_system_logs' doesn't exist")
Error logging to database:  (1146, "Table 'db_pallet_detector.tb_system_logs' doesn't exist")
Error logging to database:  (1146, "Table 'db_pallet_detector.tb_system_logs' doesn't exist")
Error logging to database:  (1146, "Table 'db_pallet_detector.tb_system_logs' doesn't exist")
Error logging to database:  (1146, "Table 'db_pallet_detector.tb_system_logs' doesn't exist")
Error logging to database:  (1146, "Table 'db_pallet_detector.tb_system_logs' doesn't exist")
Error logging to database:  (1146, "Table 'db_pallet_detector.tb_system_logs' doesn't exist")
Error logging to database:  (1146, "Table 'db_pallet_detector.tb_system_logs' doesn't exist")
Error logging to database:  (1146, "Table 'db_pallet_detector.tb_system_logs' doesn't exist")
Error logging to database:  (1146, "Table 'db_pallet_detector.tb_system_logs' doesn't exist")
Error logging to database:  (1146, "Table 'db_pallet_detector.tb_system_logs' doesn't exist")
Error logging to database:  (1146, "Table 'db_pallet_detector.tb_system_logs' doesn't exist")
Error logging to database:  (1146, "Table 'db_pallet_detector.tb_system_logs' doesn't exist")
Error logging to database:  (1146, "Table 'db_pallet_detector.tb_system_logs' doesn't exist")
Error logging to database:  (1146, "Table 'db_pallet_detector.tb_system_logs' doesn't exist")
Error logging to database:  (1146, "Table 'db_pallet_detector.tb_system_logs' doesn't exist")
Error logging to database:  (1146, "Table 'db_pallet_detector.tb_system_logs' doesn't exist")
Error logging to database:  (1146, "Table 'db_pallet_detector.tb_system_logs' doesn't exist")
Error logging to database:  (1146, "Table 'db_pallet_detector.tb_system_logs' doesn't exist")
Error logging to database:  (1146, "Table 'db_pallet_detector.tb_system_logs' doesn't exist")
Error logging to database:  (1146, "Table 'db_pallet_detector.tb_system_logs' doesn't exist")
Error logging to database:  (1146, "Table 'db_pallet_detector.tb_system_logs' doesn't exist")
Error logging to database:  (1146, "Table 'db_pallet_detector.tb_system_logs' doesn't exist")
Error logging to database:  (1146, "Table 'db_pallet_detector.tb_system_logs' doesn't exist")
Error logging to database:  (1146, "Table 'db_pallet_detector.tb_system_logs' doesn't exist")
Error logging to database:  (1146, "Table 'db_pallet_detector.tb_system_logs' doesn't exist")
Error logging to database:  (1146, "Table 'db_pallet_detector.tb_system_logs' doesn't exist")
Error logging to database:  (1146, "Table 'db_pallet_detector.tb_system_logs' doesn't exist")
Error logging to database:  (1146, "Table 'db_pallet_detector.tb_system_logs' doesn't exist")
Error logging to database:  (1146, "Table 'db_pallet_detector.tb_system_logs' doesn't exist")
Error logging to database:  (1146, "Table 'db_pallet_detector.tb_system_logs' doesn't exist")
Error logging to database:  (1146, "Table 'db_pallet_detector.tb_system_logs' doesn't exist")
Error logging to database:  (1146, "Table 'db_pallet_detector.tb_system_logs' doesn't exist")
Error logging to database:  (1146, "Table 'db_pallet_detector.tb_system_logs' doesn't exist")
Error logging to database:  (1146, "Table 'db_pallet_detector.tb_system_logs' doesn't exist")
Error logging to database:  (1146, "Table 'db_pallet_detector.tb_system_logs' doesn't exist")
[2026-01-07 23:25:05] INFO: \u2705 Matched: New pos [227.801513671875, 203.31297302246094] \u2192 Pallet #13 (distance: 12.1px)
[2026-01-07 23:25:05] INFO: Updated pallet #13 (duration: 0.2 min)
[2026-01-07 23:25:05] INFO: Saved annotated image:   C:\laragon\www\pallet_detector\upload_image\2026-01-07\IMG_20260107_232504_detected.jpg
[2026-01-07 23:25:05] INFO: \U0001f50d Overtime check complete: 0 alert(s) pending
[2026-01-07 23:25:05] INFO: \U0001f4e2 Handling alerts: 0 overtime pallet(s)
[2026-01-07 23:25:05] INFO: \u2705 No overtime pallets - turning on green light
[2026-01-07 23:25:05] INFO: \u2705 Cycle completed:  1 pallet(s) detected
[2026-01-07 23:25:05] INFO: \U0001f4a4 Sleeping for 10 seconds...
[2026-01-07 23:25:15] INFO: \U0001f504 Starting detection cycle...
[2026-01-07 23:25:17] INFO: \U0001f4f8 Captured:  C:\laragon\www\pallet_detector\upload_image\2026-01-07\IMG_20260107_232517.jpg
[2026-01-07 23:25:17] INFO: Detected 1 object(s) in IMG_20260107_232517.jpg
[2026-01-07 23:25:17] INFO: Image dimensions: 640x480
[2026-01-07 23:25:17] INFO: Saved image record #84:  IMG_20260107_232517.jpg
[2026-01-07 23:25:18] INFO: \u2705 Matched: New pos [228.1416015625, 202.57781982421875] \u2192 Pallet #13 (distance: 11.7px)
[2026-01-07 23:25:18] INFO: Updated pallet #13 (duration: 0.4 min)
[2026-01-07 23:25:18] INFO: Saved annotated image:   C:\laragon\www\pallet_detector\upload_image\2026-01-07\IMG_20260107_232517_detected.jpg
[2026-01-07 23:25:18] INFO: \U0001f50d Overtime check complete: 0 alert(s) pending
[2026-01-07 23:25:18] INFO: \U0001f4e2 Handling alerts: 0 overtime pallet(s)
[2026-01-07 23:25:18] INFO: \u2705 No overtime pallets - turning on green light
[2026-01-07 23:25:18] INFO: \u2705 Cycle completed:  1 pallet(s) detected
[2026-01-07 23:25:18] INFO: \U0001f4a4 Sleeping for 10 seconds...
  File "C:\laragon\www\pallet_detector\detection_service.py", line 371
    return jsonify(result), 200
    ^^^^^^^^^^^^^^^^^^^^^^^^^^^
SyntaxError: 'return' outside function
  File "C:\laragon\www\pallet_detector\detection_service.py", line 371
    return jsonify(result), 200
    ^^^^^^^^^^^^^^^^^^^^^^^^^^^
SyntaxError: 'return' outside function
[2026-01-07 23:34:01] INFO: \u2705 Loaded sites data: 8 site(s)
[2026-01-07 23:34:01] INFO: \u2705 YOLOv8 model loaded:   models/pallet_best.pt
[2026-01-07 23:34:01] INFO: \U0001f4cb Model classes: {0: 'pallet'}
[2026-01-07 23:34:01] INFO: \u2705 LINE token configured: bPnF3x6JmcXeS3RPdE2/...
[2026-01-07 23:34:01] INFO: \u2705 LINE group ID configured: C4f1e1001f...
[2026-01-07 23:34:01] INFO: \u2705 Detection service initialized
[2026-01-07 23:34:01] INFO: \U0001f680 Starting Pallet Detection Service...
[2026-01-07 23:34:01] INFO: \U0001f504 Starting detection cycle...
[2026-01-07 23:34:03] INFO: \U0001f4f8 Captured:  C:\laragon\www\pallet_detector\upload_image\2026-01-07\IMG_20260107_233403.jpg
[2026-01-07 23:34:05] INFO: Detected 0 object(s) in IMG_20260107_233403.jpg
[2026-01-07 23:34:05] INFO: Image dimensions: 640x480
[2026-01-07 23:34:05] INFO: Saved image record #85:  IMG_20260107_233403.jpg
[2026-01-07 23:34:05] INFO: Saved annotated image:   C:\laragon\www\pallet_detector\upload_image\2026-01-07\IMG_20260107_233403_detected.jpg
[2026-01-07 23:34:05] INFO: Deactivated 1 pallet(s) (moved)
[2026-01-07 23:34:05] INFO: \U0001f50d Overtime check complete: 0 alert(s) pending
[2026-01-07 23:34:05] INFO: \U0001f4e2 Handling alerts: 0 overtime pallet(s)
[2026-01-07 23:34:05] INFO: \u2705 No overtime pallets - turning on green light
[2026-01-07 23:34:05] INFO: \u2705 Cycle completed:  0 pallet(s) detected
[2026-01-07 23:34:05] INFO: \U0001f4a4 Sleeping for 10 seconds...
[2026-01-07 23:34:15] INFO: \U0001f504 Starting detection cycle...
[2026-01-07 23:34:18] INFO: \U0001f4f8 Captured:  C:\laragon\www\pallet_detector\upload_image\2026-01-07\IMG_20260107_233418.jpg
[2026-01-07 23:34:18] INFO: Detected 1 object(s) in IMG_20260107_233418.jpg
[2026-01-07 23:34:18] INFO: Image dimensions: 640x480
[2026-01-07 23:34:18] INFO: Saved image record #86:  IMG_20260107_233418.jpg
[2026-01-07 23:34:18] INFO: \u274c No match found for position [231.95516967773438, 202.26173400878906] (threshold: \xb196.0px, \xb172.0px)
[2026-01-07 23:34:18] INFO: Saved annotated image:   C:\laragon\www\pallet_detector\upload_image\2026-01-07\IMG_20260107_233418_detected.jpg
[2026-01-07 23:34:18] INFO: Created new pallet #14 (PL-0014)
[2026-01-07 23:34:18] INFO: \u2705 Created pallet: #14 (PL-0014)
[2026-01-07 23:34:18] INFO: \U0001f50d Overtime check complete: 0 alert(s) pending
[2026-01-07 23:34:18] INFO: \U0001f4e2 Handling alerts: 0 overtime pallet(s)
[2026-01-07 23:34:18] INFO: \u2705 No overtime pallets - turning on green light
[2026-01-07 23:34:18] INFO: \u2705 Cycle completed:  1 pallet(s) detected
[2026-01-07 23:34:18] INFO: \U0001f4a4 Sleeping for 10 seconds...
[2026-01-07 23:34:28] INFO: \U0001f504 Starting detection cycle...
[2026-01-07 23:34:31] INFO: \U0001f4f8 Captured:  C:\laragon\www\pallet_detector\upload_image\2026-01-07\IMG_20260107_233430.jpg
[2026-01-07 23:34:31] INFO: Detected 1 object(s) in IMG_20260107_233430.jpg
[2026-01-07 23:34:31] INFO: Image dimensions: 640x480
[2026-01-07 23:34:31] INFO: Saved image record #87:  IMG_20260107_233430.jpg
[2026-01-07 23:34:31] INFO: \u2705 Matched: New pos [231.67684936523438, 202.63372802734375] \u2192 Pallet #14 (distance: 0.5px)
[2026-01-07 23:34:31] INFO: Updated pallet #14 (duration: 0.2 min)
[2026-01-07 23:34:31] INFO: Saved annotated image:   C:\laragon\www\pallet_detector\upload_image\2026-01-07\IMG_20260107_233430_detected.jpg
[2026-01-07 23:34:31] INFO: \U0001f50d Overtime check complete: 0 alert(s) pending
[2026-01-07 23:34:31] INFO: \U0001f4e2 Handling alerts: 0 overtime pallet(s)
[2026-01-07 23:34:31] INFO: \u2705 No overtime pallets - turning on green light
[2026-01-07 23:34:31] INFO: \u2705 Cycle completed:  1 pallet(s) detected
[2026-01-07 23:34:31] INFO: \U0001f4a4 Sleeping for 10 seconds...
[2026-01-07 23:34:41] INFO: \U0001f504 Starting detection cycle...
[2026-01-07 23:34:43] INFO: \U0001f4f8 Captured:  C:\laragon\www\pallet_detector\upload_image\2026-01-07\IMG_20260107_233443.jpg
[2026-01-07 23:34:44] INFO: Detected 1 object(s) in IMG_20260107_233443.jpg
[2026-01-07 23:34:44] INFO: Image dimensions: 640x480
[2026-01-07 23:34:44] INFO: Saved image record #88:  IMG_20260107_233443.jpg
[2026-01-07 23:34:44] INFO: \u2705 Matched: New pos [231.88238525390625, 201.96250915527344] \u2192 Pallet #14 (distance: 0.3px)
[2026-01-07 23:34:44] INFO: Updated pallet #14 (duration: 0.4 min)
[2026-01-07 23:34:44] INFO: Saved annotated image:   C:\laragon\www\pallet_detector\upload_image\2026-01-07\IMG_20260107_233443_detected.jpg
[2026-01-07 23:34:44] INFO: \U0001f50d Overtime check complete: 0 alert(s) pending
[2026-01-07 23:34:44] INFO: \U0001f4e2 Handling alerts: 0 overtime pallet(s)
[2026-01-07 23:34:44] INFO: \u2705 No overtime pallets - turning on green light
[2026-01-07 23:34:44] INFO: \u2705 Cycle completed:  1 pallet(s) detected
[2026-01-07 23:34:44] INFO: \U0001f4a4 Sleeping for 10 seconds...
[2026-01-07 23:36:22] INFO: \u2705 Loaded sites data: 8 site(s)
[2026-01-07 23:36:22] INFO: \u2705 YOLOv8 model loaded:   models/pallet_best.pt
[2026-01-07 23:36:22] INFO: \U0001f4cb Model classes: {0: 'pallet'}
[2026-01-07 23:36:22] INFO: \u2705 LINE token configured: bPnF3x6JmcXeS3RPdE2/...
[2026-01-07 23:36:22] INFO: \u2705 LINE group ID configured: C4f1e1001f...
[2026-01-07 23:36:22] INFO: \u2705 Detection service initialized
[2026-01-07 23:36:22] INFO: \U0001f680 Starting Pallet Detection Service...
[2026-01-07 23:36:22] INFO: \U0001f504 Starting detection cycle...
[2026-01-07 23:36:24] INFO: \U0001f4f8 Captured:  C:\laragon\www\pallet_detector\upload_image\2026-01-07\IMG_20260107_233624.jpg
[2026-01-07 23:36:26] INFO: Detected 0 object(s) in IMG_20260107_233624.jpg
[2026-01-07 23:36:26] INFO: Image dimensions: 640x480
[2026-01-07 23:36:26] INFO: Saved image record #89:  IMG_20260107_233624.jpg
[2026-01-07 23:36:26] INFO: Saved annotated image:   C:\laragon\www\pallet_detector\upload_image\2026-01-07\IMG_20260107_233624_detected.jpg
[2026-01-07 23:36:26] INFO: Deactivated 1 pallet(s) (moved)
[2026-01-07 23:36:26] INFO: \U0001f50d Overtime check complete: 0 alert(s) pending
[2026-01-07 23:36:26] INFO: \U0001f4e2 Handling alerts: 0 overtime pallet(s)
[2026-01-07 23:36:26] INFO: \u2705 No overtime pallets - turning on green light
[2026-01-07 23:36:26] INFO: \u2705 Cycle completed:  0 pallet(s) detected
[2026-01-07 23:36:26] INFO: \U0001f4a4 Sleeping for 10 seconds...
[2026-01-07 23:36:36] INFO: \U0001f504 Starting detection cycle...
[2026-01-07 23:36:38] INFO: \U0001f4f8 Captured:  C:\laragon\www\pallet_detector\upload_image\2026-01-07\IMG_20260107_233638.jpg
[2026-01-07 23:36:39] INFO: Detected 1 object(s) in IMG_20260107_233638.jpg
[2026-01-07 23:36:39] INFO: Image dimensions: 640x480
[2026-01-07 23:36:39] INFO: Saved image record #90:  IMG_20260107_233638.jpg
[2026-01-07 23:36:39] INFO: \u274c No match found for position [231.4636993408203, 201.67559814453125] (threshold: \xb196.0px, \xb172.0px)
[2026-01-07 23:36:39] INFO: Saved annotated image:   C:\laragon\www\pallet_detector\upload_image\2026-01-07\IMG_20260107_233638_detected.jpg
[2026-01-07 23:36:39] INFO: \U0001f50d Found recently deactivated pallet: #14 (PL-0014) - duration: 0.0 min
[2026-01-07 23:36:39] WARNING: \u26a0\ufe0f New pallet at same position as recently deactivated #14 (PL-0014)
[2026-01-07 23:36:39] WARNING:    Previous duration: 0.0 min
[2026-01-07 23:36:39] INFO: Created new pallet #15 (PL-0015)
[2026-01-07 23:36:39] INFO: \u2705 Created pallet: #15 (PL-0015)
[2026-01-07 23:36:39] INFO: \U0001f50d Overtime check complete: 0 alert(s) pending
[2026-01-07 23:36:39] INFO: \U0001f4e2 Handling alerts: 0 overtime pallet(s)
[2026-01-07 23:36:39] INFO: \u2705 No overtime pallets - turning on green light
[2026-01-07 23:36:39] INFO: \u2705 Cycle completed:  1 pallet(s) detected
[2026-01-07 23:36:39] INFO: \U0001f4a4 Sleeping for 10 seconds...
[2026-01-07 23:36:49] INFO: \U0001f504 Starting detection cycle...
[2026-01-07 23:36:51] INFO: \U0001f4f8 Captured:  C:\laragon\www\pallet_detector\upload_image\2026-01-07\IMG_20260107_233651.jpg
[2026-01-07 23:36:52] INFO: Detected 0 object(s) in IMG_20260107_233651.jpg
[2026-01-07 23:36:52] INFO: Image dimensions: 640x480
[2026-01-07 23:36:52] INFO: Saved image record #91:  IMG_20260107_233651.jpg
[2026-01-07 23:36:52] INFO: Saved annotated image:   C:\laragon\www\pallet_detector\upload_image\2026-01-07\IMG_20260107_233651_detected.jpg
[2026-01-07 23:36:52] INFO: Deactivated 1 pallet(s) (moved)
[2026-01-07 23:36:52] INFO: \U0001f50d Overtime check complete: 0 alert(s) pending
[2026-01-07 23:36:52] INFO: \U0001f4e2 Handling alerts: 0 overtime pallet(s)
[2026-01-07 23:36:52] INFO: \u2705 No overtime pallets - turning on green light
[2026-01-07 23:36:52] INFO: \u2705 Cycle completed:  0 pallet(s) detected
[2026-01-07 23:36:52] INFO: \U0001f4a4 Sleeping for 10 seconds...
[2026-01-07 23:37:02] INFO: \U0001f504 Starting detection cycle...
[2026-01-07 23:37:04] INFO: \U0001f4f8 Captured:  C:\laragon\www\pallet_detector\upload_image\2026-01-07\IMG_20260107_233704.jpg
[2026-01-07 23:37:05] INFO: Detected 1 object(s) in IMG_20260107_233704.jpg
[2026-01-07 23:37:05] INFO: Image dimensions: 640x480
[2026-01-07 23:37:05] INFO: Saved image record #92:  IMG_20260107_233704.jpg
[2026-01-07 23:37:05] INFO: \u274c No match found for position [230.938720703125, 182.01498413085938] (threshold: \xb196.0px, \xb172.0px)
[2026-01-07 23:37:05] INFO: Saved annotated image:   C:\laragon\www\pallet_detector\upload_image\2026-01-07\IMG_20260107_233704_detected.jpg
[2026-01-07 23:37:05] INFO: \U0001f50d Found recently deactivated pallet: #15 (PL-0015) - duration: 0.0 min
[2026-01-07 23:37:05] WARNING: \u26a0\ufe0f New pallet at same position as recently deactivated #15 (PL-0015)
[2026-01-07 23:37:05] WARNING:    Previous duration: 0.0 min
[2026-01-07 23:37:05] INFO: Created new pallet #16 (PL-0016)
[2026-01-07 23:37:05] INFO: \u2705 Created pallet: #16 (PL-0016)
[2026-01-07 23:37:05] INFO: \U0001f50d Overtime check complete: 0 alert(s) pending
[2026-01-07 23:37:05] INFO: \U0001f4e2 Handling alerts: 0 overtime pallet(s)
[2026-01-07 23:37:05] INFO: \u2705 No overtime pallets - turning on green light
[2026-01-07 23:37:05] INFO: \u2705 Cycle completed:  1 pallet(s) detected
[2026-01-07 23:37:05] INFO: \U0001f4a4 Sleeping for 10 seconds...
[2026-01-07 23:37:15] INFO: \U0001f504 Starting detection cycle...
[2026-01-07 23:37:17] INFO: \U0001f4f8 Captured:  C:\laragon\www\pallet_detector\upload_image\2026-01-07\IMG_20260107_233717.jpg
[2026-01-07 23:37:18] INFO: Detected 1 object(s) in IMG_20260107_233717.jpg
[2026-01-07 23:37:18] INFO: Image dimensions: 640x480
[2026-01-07 23:37:18] INFO: Saved image record #93:  IMG_20260107_233717.jpg
[2026-01-07 23:37:18] INFO: \u2705 Matched: New pos [230.31268310546875, 182.37921142578125] \u2192 Pallet #16 (distance: 0.7px)
[2026-01-07 23:37:18] INFO: Updated pallet #16 (duration: 0.2 min)
[2026-01-07 23:37:18] INFO: Saved annotated image:   C:\laragon\www\pallet_detector\upload_image\2026-01-07\IMG_20260107_233717_detected.jpg
[2026-01-07 23:37:18] INFO: \U0001f50d Overtime check complete: 0 alert(s) pending
[2026-01-07 23:37:18] INFO: \U0001f4e2 Handling alerts: 0 overtime pallet(s)
[2026-01-07 23:37:18] INFO: \u2705 No overtime pallets - turning on green light
[2026-01-07 23:37:18] INFO: \u2705 Cycle completed:  1 pallet(s) detected
[2026-01-07 23:37:18] INFO: \U0001f4a4 Sleeping for 10 seconds...
[2026-01-07 23:37:28] INFO: \U0001f504 Starting detection cycle...
[2026-01-07 23:37:30] INFO: \U0001f4f8 Captured:  C:\laragon\www\pallet_detector\upload_image\2026-01-07\IMG_20260107_233730.jpg
[2026-01-07 23:37:30] INFO: Detected 1 object(s) in IMG_20260107_233730.jpg
[2026-01-07 23:37:30] INFO: Image dimensions: 640x480
[2026-01-07 23:37:30] INFO: Saved image record #94:  IMG_20260107_233730.jpg
[2026-01-07 23:37:30] INFO: \u2705 Matched: New pos [230.4552001953125, 182.41387939453125] \u2192 Pallet #16 (distance: 0.6px)
[2026-01-07 23:37:30] INFO: Updated pallet #16 (duration: 0.4 min)
[2026-01-07 23:37:30] INFO: Saved annotated image:   C:\laragon\www\pallet_detector\upload_image\2026-01-07\IMG_20260107_233730_detected.jpg
[2026-01-07 23:37:30] INFO: \U0001f50d Overtime check complete: 0 alert(s) pending
[2026-01-07 23:37:30] INFO: \U0001f4e2 Handling alerts: 0 overtime pallet(s)
[2026-01-07 23:37:30] INFO: \u2705 No overtime pallets - turning on green light
[2026-01-07 23:37:30] INFO: \u2705 Cycle completed:  1 pallet(s) detected
[2026-01-07 23:37:30] INFO: \U0001f4a4 Sleeping for 10 seconds...
[2026-01-07 23:37:40] INFO: \U0001f504 Starting detection cycle...
[2026-01-07 23:37:43] INFO: \U0001f4f8 Captured:  C:\laragon\www\pallet_detector\upload_image\2026-01-07\IMG_20260107_233743.jpg
[2026-01-07 23:37:43] INFO: Detected 0 object(s) in IMG_20260107_233743.jpg
[2026-01-07 23:37:43] INFO: Image dimensions: 640x480
[2026-01-07 23:37:43] INFO: Saved image record #95:  IMG_20260107_233743.jpg
[2026-01-07 23:37:43] INFO: Saved annotated image:   C:\laragon\www\pallet_detector\upload_image\2026-01-07\IMG_20260107_233743_detected.jpg
[2026-01-07 23:37:43] INFO: Deactivated 1 pallet(s) (moved)
[2026-01-07 23:37:43] INFO: \U0001f50d Overtime check complete: 0 alert(s) pending
[2026-01-07 23:37:43] INFO: \U0001f4e2 Handling alerts: 0 overtime pallet(s)
[2026-01-07 23:37:43] INFO: \u2705 No overtime pallets - turning on green light
[2026-01-07 23:37:43] INFO: \u2705 Cycle completed:  0 pallet(s) detected
[2026-01-07 23:37:43] INFO: \U0001f4a4 Sleeping for 10 seconds...
